2022-04-04 12:16:27,044 INFO org.springframework.boot.StartupInfoLogger [main] Starting SareetaApplication on JessDellXPS13 with PID 18284 (started by Jess in C:\Users\jessi\Desktop\Udacity course- Java web developer nanodegree\Course 5_Security_&_DevOps\nd035-c4-Security-and-DevOps-master)
2022-04-04 12:16:27,047 INFO org.springframework.boot.SpringApplication [main] No active profile set, falling back to default profiles: default
2022-04-04 12:16:27,426 INFO org.springframework.data.repository.config.RepositoryConfigurationDelegate [main] Bootstrapping Spring Data repositories in DEFAULT mode.
2022-04-04 12:16:27,505 INFO org.springframework.data.repository.config.RepositoryConfigurationDelegate [main] Finished Spring Data repository scanning in 72ms. Found 4 repository interfaces.
2022-04-04 12:16:27,823 INFO org.springframework.context.support.PostProcessorRegistrationDelegate$BeanPostProcessorChecker [main] Bean 'org.springframework.transaction.annotation.ProxyTransactionManagementConfiguration' of type [org.springframework.transaction.annotation.ProxyTransactionManagementConfiguration$$EnhancerBySpringCGLIB$$5448b898] is not eligible for getting processed by all BeanPostProcessors (for example: not eligible for auto-proxying)
2022-04-04 12:16:27,981 INFO org.springframework.boot.web.embedded.tomcat.TomcatWebServer [main] Tomcat initialized with port(s): 8080 (http)
2022-04-04 12:16:27,988 INFO org.apache.juli.logging.DirectJDKLog [main] Initializing ProtocolHandler ["http-nio-8080"]
2022-04-04 12:16:28,001 INFO org.apache.juli.logging.DirectJDKLog [main] Starting service [Tomcat]
2022-04-04 12:16:28,002 INFO org.apache.juli.logging.DirectJDKLog [main] Starting Servlet engine: [Apache Tomcat/9.0.19]
2022-04-04 12:16:28,093 INFO org.apache.juli.logging.DirectJDKLog [main] Initializing Spring embedded WebApplicationContext
2022-04-04 12:16:28,094 INFO org.springframework.boot.web.servlet.context.ServletWebServerApplicationContext [main] Root WebApplicationContext: initialization completed in 981 ms
2022-04-04 12:16:28,198 INFO com.zaxxer.hikari.HikariDataSource [main] HikariPool-1 - Starting...
2022-04-04 12:16:28,247 INFO com.zaxxer.hikari.HikariDataSource [main] HikariPool-1 - Start completed.
2022-04-04 12:16:28,277 INFO org.hibernate.jpa.internal.util.LogHelper [main] HHH000204: Processing PersistenceUnitInfo [
	name: default
	...]
2022-04-04 12:16:28,310 INFO org.hibernate.Version [main] HHH000412: Hibernate Core {5.3.10.Final}
2022-04-04 12:16:28,312 INFO org.hibernate.cfg.Environment [main] HHH000206: hibernate.properties not found
2022-04-04 12:16:28,374 INFO org.hibernate.annotations.common.reflection.java.JavaReflectionManager [main] HCANN000001: Hibernate Commons Annotations {5.0.4.Final}
2022-04-04 12:16:28,445 INFO org.hibernate.dialect.Dialect [main] HHH000400: Using dialect: org.hibernate.dialect.H2Dialect
2022-04-04 12:16:28,890 INFO org.springframework.orm.jpa.AbstractEntityManagerFactoryBean [main] Initialized JPA EntityManagerFactory for persistence unit 'default'
2022-04-04 12:16:29,257 WARN org.springframework.boot.autoconfigure.orm.jpa.JpaBaseConfiguration$JpaWebConfiguration$JpaWebMvcConfiguration [main] spring.jpa.open-in-view is enabled by default. Therefore, database queries may be performed during view rendering. Explicitly configure spring.jpa.open-in-view to disable this warning
2022-04-04 12:16:29,302 INFO org.springframework.security.web.DefaultSecurityFilterChain [main] Creating filter chain: any request, [org.springframework.security.web.context.request.async.WebAsyncManagerIntegrationFilter@22cb8e5f, org.springframework.security.web.context.SecurityContextPersistenceFilter@27b7204, org.springframework.security.web.header.HeaderWriterFilter@a97a895, org.springframework.web.filter.CorsFilter@45753c22, org.springframework.security.web.authentication.logout.LogoutFilter@239d9cb7, com.example.demo.security.JWTAuthenticationFilter@7341baa3, com.example.demo.security.JWTAuthenticationVerficationFilter@1ca0aa40, org.springframework.security.web.savedrequest.RequestCacheAwareFilter@683fac7e, org.springframework.security.web.servletapi.SecurityContextHolderAwareRequestFilter@129c322f, org.springframework.security.web.authentication.AnonymousAuthenticationFilter@626766fd, org.springframework.security.web.session.SessionManagementFilter@1ef5cde4, org.springframework.security.web.access.ExceptionTranslationFilter@6705b763, org.springframework.security.web.access.intercept.FilterSecurityInterceptor@5810772a]
2022-04-04 12:16:29,373 INFO org.springframework.scheduling.concurrent.ExecutorConfigurationSupport [main] Initializing ExecutorService 'applicationTaskExecutor'
2022-04-04 12:16:29,462 INFO org.apache.juli.logging.DirectJDKLog [main] Starting ProtocolHandler ["http-nio-8080"]
2022-04-04 12:16:29,502 INFO org.springframework.boot.web.embedded.tomcat.TomcatWebServer [main] Tomcat started on port(s): 8080 (http) with context path ''
2022-04-04 12:16:29,505 INFO org.springframework.boot.StartupInfoLogger [main] Started SareetaApplication in 2.878 seconds (JVM running for 3.662)
2022-04-04 12:19:28,451 INFO org.apache.juli.logging.DirectJDKLog [http-nio-8080-exec-5] Initializing Spring DispatcherServlet 'dispatcherServlet'
2022-04-04 12:19:28,452 INFO org.springframework.web.servlet.FrameworkServlet [http-nio-8080-exec-5] Initializing Servlet 'dispatcherServlet'
2022-04-04 12:19:28,458 INFO org.springframework.web.servlet.FrameworkServlet [http-nio-8080-exec-5] Completed initialization in 6 ms
2022-04-04 12:19:35,913 INFO com.example.demo.controllers.UserController [http-nio-8080-exec-3] Username set with 
2022-04-04 12:19:36,046 INFO com.example.demo.controllers.UserController [http-nio-8080-exec-3] New user created
2022-04-04 12:23:51,055 INFO org.hibernate.hql.internal.QueryTranslatorFactoryInitiator [http-nio-8080-exec-9] HHH000397: Using ASTQueryTranslatorFactory
2022-04-04 12:25:46,683 INFO org.springframework.scheduling.concurrent.ExecutorConfigurationSupport [Thread-3] Shutting down ExecutorService 'applicationTaskExecutor'
2022-04-04 12:25:46,685 INFO org.springframework.orm.jpa.AbstractEntityManagerFactoryBean [Thread-3] Closing JPA EntityManagerFactory for persistence unit 'default'
2022-04-04 12:25:46,686 INFO com.zaxxer.hikari.HikariDataSource [Thread-3] HikariPool-1 - Shutdown initiated...
2022-04-04 12:25:46,688 INFO com.zaxxer.hikari.HikariDataSource [Thread-3] HikariPool-1 - Shutdown completed.
2022-04-04 12:25:49,222 INFO org.springframework.boot.StartupInfoLogger [main] Starting SareetaApplication on JessDellXPS13 with PID 28584 (started by Jess in C:\Users\jessi\Desktop\Udacity course- Java web developer nanodegree\Course 5_Security_&_DevOps\nd035-c4-Security-and-DevOps-master)
2022-04-04 12:25:49,224 INFO org.springframework.boot.SpringApplication [main] No active profile set, falling back to default profiles: default
2022-04-04 12:25:49,527 INFO org.springframework.data.repository.config.RepositoryConfigurationDelegate [main] Bootstrapping Spring Data repositories in DEFAULT mode.
2022-04-04 12:25:49,565 INFO org.springframework.data.repository.config.RepositoryConfigurationDelegate [main] Finished Spring Data repository scanning in 32ms. Found 4 repository interfaces.
2022-04-04 12:25:49,891 INFO org.springframework.context.support.PostProcessorRegistrationDelegate$BeanPostProcessorChecker [main] Bean 'org.springframework.transaction.annotation.ProxyTransactionManagementConfiguration' of type [org.springframework.transaction.annotation.ProxyTransactionManagementConfiguration$$EnhancerBySpringCGLIB$$3e24a26d] is not eligible for getting processed by all BeanPostProcessors (for example: not eligible for auto-proxying)
2022-04-04 12:25:50,061 INFO org.springframework.boot.web.embedded.tomcat.TomcatWebServer [main] Tomcat initialized with port(s): 8080 (http)
2022-04-04 12:25:50,074 INFO org.apache.juli.logging.DirectJDKLog [main] Initializing ProtocolHandler ["http-nio-8080"]
2022-04-04 12:25:50,081 INFO org.apache.juli.logging.DirectJDKLog [main] Starting service [Tomcat]
2022-04-04 12:25:50,082 INFO org.apache.juli.logging.DirectJDKLog [main] Starting Servlet engine: [Apache Tomcat/9.0.19]
2022-04-04 12:25:50,166 INFO org.apache.juli.logging.DirectJDKLog [main] Initializing Spring embedded WebApplicationContext
2022-04-04 12:25:50,166 INFO org.springframework.boot.web.servlet.context.ServletWebServerApplicationContext [main] Root WebApplicationContext: initialization completed in 917 ms
2022-04-04 12:25:50,275 INFO com.zaxxer.hikari.HikariDataSource [main] HikariPool-1 - Starting...
2022-04-04 12:25:50,347 INFO com.zaxxer.hikari.HikariDataSource [main] HikariPool-1 - Start completed.
2022-04-04 12:25:50,373 INFO org.hibernate.jpa.internal.util.LogHelper [main] HHH000204: Processing PersistenceUnitInfo [
	name: default
	...]
2022-04-04 12:25:50,405 INFO org.hibernate.Version [main] HHH000412: Hibernate Core {5.3.10.Final}
2022-04-04 12:25:50,409 INFO org.hibernate.cfg.Environment [main] HHH000206: hibernate.properties not found
2022-04-04 12:25:50,477 INFO org.hibernate.annotations.common.reflection.java.JavaReflectionManager [main] HCANN000001: Hibernate Commons Annotations {5.0.4.Final}
2022-04-04 12:25:50,547 INFO org.hibernate.dialect.Dialect [main] HHH000400: Using dialect: org.hibernate.dialect.H2Dialect
2022-04-04 12:25:50,992 INFO org.springframework.orm.jpa.AbstractEntityManagerFactoryBean [main] Initialized JPA EntityManagerFactory for persistence unit 'default'
2022-04-04 12:25:51,365 WARN org.springframework.boot.autoconfigure.orm.jpa.JpaBaseConfiguration$JpaWebConfiguration$JpaWebMvcConfiguration [main] spring.jpa.open-in-view is enabled by default. Therefore, database queries may be performed during view rendering. Explicitly configure spring.jpa.open-in-view to disable this warning
2022-04-04 12:25:51,424 INFO org.springframework.security.web.DefaultSecurityFilterChain [main] Creating filter chain: any request, [org.springframework.security.web.context.request.async.WebAsyncManagerIntegrationFilter@188ae8d2, org.springframework.security.web.context.SecurityContextPersistenceFilter@62615be, org.springframework.security.web.header.HeaderWriterFilter@34e68840, org.springframework.web.filter.CorsFilter@7a522157, org.springframework.security.web.authentication.logout.LogoutFilter@5895c065, com.example.demo.security.JWTAuthenticationFilter@706c062e, com.example.demo.security.JWTAuthenticationVerficationFilter@5feff876, org.springframework.security.web.savedrequest.RequestCacheAwareFilter@5dc7391e, org.springframework.security.web.servletapi.SecurityContextHolderAwareRequestFilter@1eb52131, org.springframework.security.web.authentication.AnonymousAuthenticationFilter@10ec4721, org.springframework.security.web.session.SessionManagementFilter@5b0835cb, org.springframework.security.web.access.ExceptionTranslationFilter@9a07409, org.springframework.security.web.access.intercept.FilterSecurityInterceptor@6c8d638a]
2022-04-04 12:25:51,503 INFO org.springframework.scheduling.concurrent.ExecutorConfigurationSupport [main] Initializing ExecutorService 'applicationTaskExecutor'
2022-04-04 12:25:51,588 INFO org.apache.juli.logging.DirectJDKLog [main] Starting ProtocolHandler ["http-nio-8080"]
2022-04-04 12:25:51,633 INFO org.springframework.boot.web.embedded.tomcat.TomcatWebServer [main] Tomcat started on port(s): 8080 (http) with context path ''
2022-04-04 12:25:51,636 INFO org.springframework.boot.StartupInfoLogger [main] Started SareetaApplication in 2.634 seconds (JVM running for 3.043)
2022-04-04 12:25:56,004 INFO org.apache.juli.logging.DirectJDKLog [http-nio-8080-exec-2] Initializing Spring DispatcherServlet 'dispatcherServlet'
2022-04-04 12:25:56,005 INFO org.springframework.web.servlet.FrameworkServlet [http-nio-8080-exec-2] Initializing Servlet 'dispatcherServlet'
2022-04-04 12:25:56,012 INFO org.springframework.web.servlet.FrameworkServlet [http-nio-8080-exec-2] Completed initialization in 7 ms
2022-04-04 12:25:56,066 INFO com.example.demo.controllers.UserController [http-nio-8080-exec-2] Username set with 
2022-04-04 12:25:56,198 INFO com.example.demo.controllers.UserController [http-nio-8080-exec-2] New user created
2022-04-04 12:26:11,309 INFO org.hibernate.hql.internal.QueryTranslatorFactoryInitiator [http-nio-8080-exec-3] HHH000397: Using ASTQueryTranslatorFactory
2022-04-04 12:54:22,500 INFO org.springframework.scheduling.concurrent.ExecutorConfigurationSupport [Thread-3] Shutting down ExecutorService 'applicationTaskExecutor'
2022-04-04 12:54:22,502 INFO org.springframework.orm.jpa.AbstractEntityManagerFactoryBean [Thread-3] Closing JPA EntityManagerFactory for persistence unit 'default'
2022-04-04 12:54:22,504 INFO com.zaxxer.hikari.HikariDataSource [Thread-3] HikariPool-1 - Shutdown initiated...
2022-04-04 12:54:22,506 INFO com.zaxxer.hikari.HikariDataSource [Thread-3] HikariPool-1 - Shutdown completed.
2022-04-04 12:54:25,126 INFO org.springframework.boot.StartupInfoLogger [main] Starting SareetaApplication on JessDellXPS13 with PID 24080 (started by Jess in C:\Users\jessi\Desktop\Udacity course- Java web developer nanodegree\Course 5_Security_&_DevOps\nd035-c4-Security-and-DevOps-master)
2022-04-04 12:54:25,129 INFO org.springframework.boot.SpringApplication [main] No active profile set, falling back to default profiles: default
2022-04-04 12:54:25,426 INFO org.springframework.data.repository.config.RepositoryConfigurationDelegate [main] Bootstrapping Spring Data repositories in DEFAULT mode.
2022-04-04 12:54:25,464 INFO org.springframework.data.repository.config.RepositoryConfigurationDelegate [main] Finished Spring Data repository scanning in 34ms. Found 4 repository interfaces.
2022-04-04 12:54:25,789 INFO org.springframework.context.support.PostProcessorRegistrationDelegate$BeanPostProcessorChecker [main] Bean 'org.springframework.transaction.annotation.ProxyTransactionManagementConfiguration' of type [org.springframework.transaction.annotation.ProxyTransactionManagementConfiguration$$EnhancerBySpringCGLIB$$2765b9ec] is not eligible for getting processed by all BeanPostProcessors (for example: not eligible for auto-proxying)
2022-04-04 12:54:25,933 INFO org.springframework.boot.web.embedded.tomcat.TomcatWebServer [main] Tomcat initialized with port(s): 8080 (http)
2022-04-04 12:54:25,954 INFO org.apache.juli.logging.DirectJDKLog [main] Initializing ProtocolHandler ["http-nio-8080"]
2022-04-04 12:54:25,960 INFO org.apache.juli.logging.DirectJDKLog [main] Starting service [Tomcat]
2022-04-04 12:54:25,960 INFO org.apache.juli.logging.DirectJDKLog [main] Starting Servlet engine: [Apache Tomcat/9.0.19]
2022-04-04 12:54:26,038 INFO org.apache.juli.logging.DirectJDKLog [main] Initializing Spring embedded WebApplicationContext
2022-04-04 12:54:26,038 INFO org.springframework.boot.web.servlet.context.ServletWebServerApplicationContext [main] Root WebApplicationContext: initialization completed in 876 ms
2022-04-04 12:54:26,160 INFO com.zaxxer.hikari.HikariDataSource [main] HikariPool-1 - Starting...
2022-04-04 12:54:26,219 INFO com.zaxxer.hikari.HikariDataSource [main] HikariPool-1 - Start completed.
2022-04-04 12:54:26,245 INFO org.hibernate.jpa.internal.util.LogHelper [main] HHH000204: Processing PersistenceUnitInfo [
	name: default
	...]
2022-04-04 12:54:26,287 INFO org.hibernate.Version [main] HHH000412: Hibernate Core {5.3.10.Final}
2022-04-04 12:54:26,289 INFO org.hibernate.cfg.Environment [main] HHH000206: hibernate.properties not found
2022-04-04 12:54:26,360 INFO org.hibernate.annotations.common.reflection.java.JavaReflectionManager [main] HCANN000001: Hibernate Commons Annotations {5.0.4.Final}
2022-04-04 12:54:26,426 INFO org.hibernate.dialect.Dialect [main] HHH000400: Using dialect: org.hibernate.dialect.H2Dialect
2022-04-04 12:54:26,902 INFO org.springframework.orm.jpa.AbstractEntityManagerFactoryBean [main] Initialized JPA EntityManagerFactory for persistence unit 'default'
2022-04-04 12:54:27,272 WARN org.springframework.boot.autoconfigure.orm.jpa.JpaBaseConfiguration$JpaWebConfiguration$JpaWebMvcConfiguration [main] spring.jpa.open-in-view is enabled by default. Therefore, database queries may be performed during view rendering. Explicitly configure spring.jpa.open-in-view to disable this warning
2022-04-04 12:54:27,318 INFO org.springframework.security.web.DefaultSecurityFilterChain [main] Creating filter chain: any request, [org.springframework.security.web.context.request.async.WebAsyncManagerIntegrationFilter@6c2f8ecb, org.springframework.security.web.context.SecurityContextPersistenceFilter@5d75f90e, org.springframework.security.web.header.HeaderWriterFilter@1bbef3c7, org.springframework.web.filter.CorsFilter@c3d4bd7, org.springframework.security.web.authentication.logout.LogoutFilter@6d5de79a, com.example.demo.security.JWTAuthenticationFilter@2626aa35, com.example.demo.security.JWTAuthenticationVerficationFilter@5ca8c904, org.springframework.security.web.savedrequest.RequestCacheAwareFilter@5af56240, org.springframework.security.web.servletapi.SecurityContextHolderAwareRequestFilter@239d9cb7, org.springframework.security.web.authentication.AnonymousAuthenticationFilter@4c614d8c, org.springframework.security.web.session.SessionManagementFilter@42474b18, org.springframework.security.web.access.ExceptionTranslationFilter@33089426, org.springframework.security.web.access.intercept.FilterSecurityInterceptor@70f5f57d]
2022-04-04 12:54:27,394 INFO org.springframework.scheduling.concurrent.ExecutorConfigurationSupport [main] Initializing ExecutorService 'applicationTaskExecutor'
2022-04-04 12:54:27,479 INFO org.apache.juli.logging.DirectJDKLog [main] Starting ProtocolHandler ["http-nio-8080"]
2022-04-04 12:54:27,525 INFO org.springframework.boot.web.embedded.tomcat.TomcatWebServer [main] Tomcat started on port(s): 8080 (http) with context path ''
2022-04-04 12:54:27,527 INFO org.springframework.boot.StartupInfoLogger [main] Started SareetaApplication in 2.821 seconds (JVM running for 3.339)
2022-04-04 12:54:35,367 INFO org.apache.juli.logging.DirectJDKLog [http-nio-8080-exec-1] Initializing Spring DispatcherServlet 'dispatcherServlet'
2022-04-04 12:54:35,368 INFO org.springframework.web.servlet.FrameworkServlet [http-nio-8080-exec-1] Initializing Servlet 'dispatcherServlet'
2022-04-04 12:54:35,372 INFO org.springframework.web.servlet.FrameworkServlet [http-nio-8080-exec-1] Completed initialization in 4 ms
2022-04-04 12:54:35,433 INFO com.example.demo.controllers.UserController [http-nio-8080-exec-1] Username set with 
2022-04-04 12:54:35,559 INFO com.example.demo.controllers.UserController [http-nio-8080-exec-1] New user created
2022-04-04 12:54:41,338 INFO org.hibernate.hql.internal.QueryTranslatorFactoryInitiator [http-nio-8080-exec-3] HHH000397: Using ASTQueryTranslatorFactory
